<?xml version="1.0" encoding="UTF-8"?>
<!-- Generated by org.testng.reporters.JUnitReportReporter -->
<testsuite hostname="INBA-NB025" failures="0" tests="1" name="simplepro.Simpleclasstest" time="8.211" errors="0" timestamp="2023-08-30T08:12:05 IST" skipped="0">
  <testcase classname="simplepro.Simpleclasstest" name="m2" time="8.211"/>
  <system-out/>
</testsuite> <!-- simplepro.Simpleclasstest -->
