<?xml version="1.0" encoding="UTF-8"?>
<!-- Generated by org.testng.reporters.JUnitReportReporter -->
<testsuite hostname="INBA-NB025" failures="0" tests="1" name="simplepro.SimpleHitest" time="0.011" errors="0" timestamp="2023-08-29T08:12:00 IST" skipped="0">
  <testcase classname="simplepro.SimpleHitest" name="m1" time="0.011"/>
  <system-out/>
</testsuite> <!-- simplepro.SimpleHitest -->
