<?xml version="1.0" encoding="UTF-8"?>
<!-- Generated by org.testng.reporters.JUnitReportReporter -->
<testsuite hostname="INBA-NB025" failures="0" tests="1" name="simplepro.SimpleHitest" time="0.009" errors="0" timestamp="2023-08-30T08:23:52 IST" skipped="0">
  <testcase classname="simplepro.SimpleHitest" name="m1" time="0.009"/>
</testsuite> <!-- simplepro.SimpleHitest -->
